2022-05-14 10:21:18.435  INFO 12668 --- [main] life.gjq.community.CommunityApplication  : Starting CommunityApplication using Java 1.8.0_92 on LAPTOP-QLJ9P0I1 with PID 12668 (D:\soft\encode\workspace\target\classes started by sa in D:\soft\encode\workspace)
2022-05-14 10:21:18.440  INFO 12668 --- [main] life.gjq.community.CommunityApplication  : No active profile set, falling back to default profiles: default
2022-05-14 10:21:18.504  WARN 12668 --- [background-preinit] o.s.h.c.j.Jackson2ObjectMapperBuilder    : For Jackson Kotlin classes support please add "com.fasterxml.jackson.module:jackson-module-kotlin" to the classpath
2022-05-14 10:21:19.042  INFO 12668 --- [main] .s.d.r.c.RepositoryConfigurationDelegate : Multiple Spring Data modules found, entering strict repository configuration mode!
2022-05-14 10:21:19.045  INFO 12668 --- [main] .s.d.r.c.RepositoryConfigurationDelegate : Bootstrapping Spring Data Redis repositories in DEFAULT mode.
2022-05-14 10:21:19.078  INFO 12668 --- [main] .s.d.r.c.RepositoryConfigurationDelegate : Finished Spring Data repository scanning in 13 ms. Found 0 Redis repository interfaces.
2022-05-14 10:21:19.459  INFO 12668 --- [main] o.s.b.w.embedded.tomcat.TomcatWebServer  : Tomcat initialized with port(s): 8000 (http)
2022-05-14 10:21:19.467  INFO 12668 --- [main] o.apache.catalina.core.StandardService   : Starting service [Tomcat]
2022-05-14 10:21:19.467  INFO 12668 --- [main] org.apache.catalina.core.StandardEngine  : Starting Servlet engine: [Apache Tomcat/9.0.41]
2022-05-14 10:21:19.524  INFO 12668 --- [main] o.a.c.c.C.[Tomcat].[localhost].[/]       : Initializing Spring embedded WebApplicationContext
2022-05-14 10:21:19.524  INFO 12668 --- [main] w.s.c.ServletWebServerApplicationContext : Root WebApplicationContext: initialization completed in 1043 ms
2022-05-14 10:21:20.250  INFO 12668 --- [main] o.s.s.concurrent.ThreadPoolTaskExecutor  : Initializing ExecutorService 'applicationTaskExecutor'
2022-05-14 10:21:20.309  INFO 12668 --- [main] o.s.b.a.w.s.WelcomePageHandlerMapping    : Adding welcome page template: index
2022-05-14 10:21:20.528  INFO 12668 --- [main] o.s.b.w.embedded.tomcat.TomcatWebServer  : Tomcat started on port(s): 8000 (http) with context path ''
2022-05-14 10:21:20.536  INFO 12668 --- [main] life.gjq.community.CommunityApplication  : Started CommunityApplication in 2.471 seconds (JVM running for 3.147)
2022-05-14 10:21:47.993  INFO 12668 --- [http-nio-8000-exec-1] o.a.c.c.C.[Tomcat].[localhost].[/]       : Initializing Spring DispatcherServlet 'dispatcherServlet'
2022-05-14 10:21:47.994  INFO 12668 --- [http-nio-8000-exec-1] o.s.web.servlet.DispatcherServlet        : Initializing Servlet 'dispatcherServlet'
2022-05-14 10:21:47.996  INFO 12668 --- [http-nio-8000-exec-1] o.s.web.servlet.DispatcherServlet        : Completed initialization in 2 ms
2022-05-14 10:21:48.112  INFO 12668 --- [http-nio-8000-exec-1] com.zaxxer.hikari.HikariDataSource       : HikariPool-1 - Starting...
2022-05-14 10:21:48.555  INFO 12668 --- [http-nio-8000-exec-1] com.zaxxer.hikari.HikariDataSource       : HikariPool-1 - Start completed.
